  Enemy.cpp
C:\Users\zhima\Desktop\C++\VISUAL_STUDIO\SPACE INVADER\Enemy.cpp(50,34): warning C4244: 'argument': conversion from 'double' to 'float', possible loss of data
C:\Users\zhima\Desktop\C++\VISUAL_STUDIO\SPACE INVADER\Enemy.cpp(50,22): warning C4244: 'argument': conversion from 'double' to 'float', possible loss of data
  bullet.cpp
C:\Users\zhima\Desktop\C++\VISUAL_STUDIO\SPACE INVADER\bullet.cpp(14,32): warning C4305: 'argument': truncation from 'double' to 'float'
  game.cpp
C:\Users\zhima\Desktop\C++\VISUAL_STUDIO\SPACE INVADER\game.cpp(85,12): warning C4305: '=': truncation from 'double' to 'float'
C:\Users\zhima\Desktop\C++\VISUAL_STUDIO\SPACE INVADER\game.cpp(96,60): warning C4244: 'argument': conversion from 'T' to 'T', possible loss of data
          with
          [
              T=unsigned int
          ]
          and
          [
              T=float
          ]
C:\Users\zhima\Desktop\C++\VISUAL_STUDIO\SPACE INVADER\game.cpp(103,12): warning C4244: 'argument': conversion from 'time_t' to 'unsigned int', possible loss of data
C:\Users\zhima\Desktop\C++\VISUAL_STUDIO\SPACE INVADER\game.cpp(180,20): warning C4018: '<': signed/unsigned mismatch
C:\Users\zhima\Desktop\C++\VISUAL_STUDIO\SPACE INVADER\game.cpp(185,21): warning C4018: '<': signed/unsigned mismatch
  main.cpp
  Generating code
  22 of 398 functions ( 5.5%) were compiled, the rest were copied from previous compilation.
    1 functions were new in current compilation
    0 functions had inline decision re-evaluated but remain unchanged
  Finished generating code
  TANK GAME.vcxproj -> C:\Users\zhima\Desktop\C++\VISUAL_STUDIO\SPACE INVADER\Release\SPACE INVADER.exe
